producer_class	xtools.gsea.GseaPreranked
producer_timestamp	1649158889397
param	rpt_label	my_analysis
param	rnd_seed	timestamp
param	set_min	15
param	zip_report	false
param	create_svgs	false
param	scoring_scheme	weighted
param	rnk	C:\Users\kev\Documents\BCB420_Code\GSE124252_ranked_genes.rnk
param	norm	meandiv
param	out	C:\Users\kev\gsea_home\output\apr05
param	mode	Abs_max_of_probes
param	include_only_symbols	true
param	help	false
param	set_max	200
param	gmx	C:\Users\kev\Documents\csc\22w\bcb420\Human_GOBP_AllPathways_no_GO_iea_March_01_2021_symbol.gmt
param	make_sets	true
param	plot_top_x	20
param	gui	false
param	nperm	1000
param	collapse	No_Collapse

file	C:\Users\kev\gsea_home\output\apr05\my_analysis.GseaPreranked.1649158889397\index.html
